
Loading checkpoint shards:   0%|          | 0/2 [00:00<?, ?it/s]
Loading checkpoint shards:  50%|█████     | 1/2 [00:07<00:07,  7.68s/it]
Loading checkpoint shards: 100%|██████████| 2/2 [00:09<00:00,  4.40s/it]
Loading checkpoint shards: 100%|██████████| 2/2 [00:09<00:00,  4.89s/it]
Some parameters are on the meta device device because they were offloaded to the cpu.
 Sure, I can help you with that!

Based on the input "I want to order canederli", the user intent is "canederli_ordering".

Here are the slots and their values that you requested:

* canederli_type: null
* canederli_broth: null
* canederli_cheese_on_top: null
* canederli_spiece: null
* canederli_gluten: null
* canederli_count: null
* canederli_size: null

So, the output as a JSON would be:

{
    "canederli_ordering": {
        "slots": {
        "canederli_type": null,
        "canederli_broth": null,
        "canederli_cheese_on_top": null,
        "canederli_spiece": null,
        "canederli_gluten": null,
        "canederli_count": null,
        "canederli_size": null
        }
    }
}

I hope this helps! Let me know if you have any other questions.
